<?xml version="1.0" encoding="UTF-8"?>
<testsuite name="ServerTest" tests="4" skipped="0" failures="0" errors="0" timestamp="2023-11-04T04:46:00" hostname="DESKTOP-T7B16KG" time="0.03">
  <properties/>
  <testcase name="addManyRequest" classname="ServerTest" time="0.019"/>
  <testcase name="addRequest" classname="ServerTest" time="0.006"/>
  <testcase name="echoRequest" classname="ServerTest" time="0.002"/>
  <testcase name="notJSON" classname="ServerTest" time="0.002"/>
  <system-out><![CDATA[{"ok":false,"message":"Values in array need to be ints"}
{"ok":false,"message":"Field num2 does not exist in request"}
{"ok":false,"message":"Field num1 does not exist in request"}
{"ok":false,"message":"Field num1 does not exist in request"}
{"ok":false,"type":"add","message":"Field num1/num2 needs to be of type: int"}
{"ok":false,"message":"Field data does not exist in request"}
{"ok":false,"message":"Field num2 does not exist in request"}
{"ok":false,"message":"Field num1 does not exist in request"}
{"ok":false,"message":"Field num1 does not exist in request"}
{"ok":false,"type":"add","message":"Field num1/num2 needs to be of type: int"}
]]></system-out>
  <system-err><![CDATA[]]></system-err>
</testsuite>
